--- Startup times for process: Primary/TUI ---

times in msec
 clock   self+sourced   self:  sourced script
 clock   elapsed:              other lines

000.001  000.001: --- NVIM STARTING ---
000.136  000.135: event init
000.323  000.187: early init
000.846  000.523: locale set
000.904  000.058: init first window
037.088  036.185: inits 1
037.104  000.016: window checked
037.112  000.007: parsing arguments
037.789  000.058  000.058: require('vim.shared')
037.900  000.052  000.052: require('vim.inspect')
037.961  000.048  000.048: require('vim._options')
037.963  000.169  000.069: require('vim._editor')
037.965  000.283  000.055: require('vim._init_packages')
037.967  000.573: init lua interpreter
039.336  001.368: --- NVIM STARTED ---

--- Startup times for process: Embedded ---

times in msec
 clock   self+sourced   self:  sourced script
 clock   elapsed:              other lines

000.001  000.001: --- NVIM STARTING ---
000.108  000.107: event init
000.234  000.126: early init
000.690  000.456: locale set
000.743  000.053: init first window
001.198  000.455: inits 1
001.222  000.025: window checked
001.228  000.006: parsing arguments
001.866  000.057  000.057: require('vim.shared')
001.976  000.052  000.052: require('vim.inspect')
002.036  000.047  000.047: require('vim._options')
002.038  000.167  000.069: require('vim._editor')
002.039  000.299  000.075: require('vim._init_packages')
002.042  000.514: init lua interpreter
005.821  003.779: expanding arguments
005.852  000.031: inits 2
006.203  000.351: init highlight
006.206  000.004: waiting for UI
006.570  000.364: done waiting for UI
006.585  000.015: clear screen
006.695  000.009  000.009: require('vim.keymap')
007.549  000.958  000.949: require('vim._defaults')
007.553  000.009: init default mappings & autocommands
008.537  000.082  000.082: sourcing /usr/local/Cellar/neovim/0.10.0/share/nvim/runtime/ftplugin.vim
008.704  000.038  000.038: sourcing /usr/local/Cellar/neovim/0.10.0/share/nvim/runtime/indent.vim
010.553  001.567  001.567: sourcing /Users/iMac/.config/nvim/init.lua
010.579  001.338: sourcing vimrc file(s)
014.407  000.558  000.558: sourcing /usr/local/Cellar/neovim/0.10.0/share/nvim/runtime/filetype.lua
015.465  000.152  000.152: sourcing /usr/local/Cellar/neovim/0.10.0/share/nvim/runtime/syntax/synload.vim
015.703  000.641  000.490: sourcing /usr/local/Cellar/neovim/0.10.0/share/nvim/runtime/syntax/syntax.vim
017.586  000.239  000.239: sourcing /usr/local/Cellar/neovim/0.10.0/share/nvim/runtime/plugin/gzip.vim
019.161  000.306  000.306: sourcing /usr/local/Cellar/neovim/0.10.0/share/nvim/runtime/pack/dist/opt/matchit/plugin/matchit.vim
019.271  001.579  001.273: sourcing /usr/local/Cellar/neovim/0.10.0/share/nvim/runtime/plugin/matchit.vim
019.577  000.190  000.190: sourcing /usr/local/Cellar/neovim/0.10.0/share/nvim/runtime/plugin/matchparen.vim
020.049  000.363  000.363: sourcing /usr/local/Cellar/neovim/0.10.0/share/nvim/runtime/plugin/netrwPlugin.vim
020.514  000.014  000.014: sourcing /Users/iMac/.local/share/nvim/rplugin.vim
020.526  000.330  000.316: sourcing /usr/local/Cellar/neovim/0.10.0/share/nvim/runtime/plugin/rplugin.vim
020.737  000.091  000.091: sourcing /usr/local/Cellar/neovim/0.10.0/share/nvim/runtime/plugin/shada.vim
020.908  000.055  000.055: sourcing /usr/local/Cellar/neovim/0.10.0/share/nvim/runtime/plugin/spellfile.vim
021.147  000.119  000.119: sourcing /usr/local/Cellar/neovim/0.10.0/share/nvim/runtime/plugin/tarPlugin.vim
021.291  000.027  000.027: sourcing /usr/local/Cellar/neovim/0.10.0/share/nvim/runtime/plugin/tutor.vim
021.564  000.159  000.159: sourcing /usr/local/Cellar/neovim/0.10.0/share/nvim/runtime/plugin/zipPlugin.vim
021.781  000.094  000.094: sourcing /usr/local/Cellar/neovim/0.10.0/share/nvim/runtime/plugin/editorconfig.lua
022.000  000.100  000.100: sourcing /usr/local/Cellar/neovim/0.10.0/share/nvim/runtime/plugin/man.lua
022.227  000.090  000.090: sourcing /usr/local/Cellar/neovim/0.10.0/share/nvim/runtime/plugin/osc52.lua
022.419  000.060  000.060: sourcing /usr/local/Cellar/neovim/0.10.0/share/nvim/runtime/plugin/tohtml.lua
026.638  000.063  000.063: sourcing /Users/iMac/.local/share/nvim/rocks/lib/luarocks/rocks-5.1/neo-tree.nvim/3.26-1/plugin/neo-tree.vim
026.787  000.035  000.035: sourcing /Users/iMac/.local/share/nvim/rocks/lib/luarocks/rocks-5.1/nvim-web-devicons/0.100-1/plugin/nvim-web-devicons.vim
026.929  000.037  000.037: sourcing /Users/iMac/.local/share/nvim/rocks/lib/luarocks/rocks-5.1/plenary.nvim/scm-1/plugin/plenary.vim
030.882  000.064  000.064: require('vim.fs')
030.928  000.384  000.321: require('vim.lsp.log')
032.189  001.256  001.256: require('vim.lsp.protocol')
034.445  000.384  000.384: require('vim.lsp._snippet_grammar')
034.685  000.236  000.236: require('vim.highlight')
034.695  000.006  000.006: require('vim.F')
034.709  002.515  001.889: require('vim.lsp.util')
035.403  000.334  000.334: require('vim.lsp.sync')
035.410  000.697  000.364: require('vim.lsp._changetracking')
036.066  000.653  000.653: require('vim.lsp.rpc')
036.180  008.928  003.423: require('vim.lsp')
036.234  009.198  000.270: sourcing /Users/iMac/.local/share/nvim/rocks/lib/luarocks/rocks-5.1/nvim-lspconfig/0.1.8-1/plugin/lspconfig.lua
036.818  000.406  000.406: require('rocks-lazy.internal')
037.805  000.195  000.195: require('rocks.constants')
038.754  000.358  000.358: require('rocks.log')
039.436  000.357  000.357: require('nio.tasks')
039.781  000.341  000.341: require('nio.control')
040.826  001.042  001.042: require('nio.uv')
041.103  000.273  000.273: require('nio.tests')
041.534  000.233  000.233: require('vim.ui')
041.635  000.530  000.297: require('nio.ui')
042.178  000.313  000.313: require('nio.streams')
042.181  000.543  000.230: require('nio.file')
043.259  000.222  000.222: require('nio.util')
043.396  000.857  000.635: require('nio.logger')
043.442  001.259  000.402: require('nio.lsp')
043.815  000.370  000.370: require('nio.process')
043.927  005.169  000.455: require('nio')
043.948  005.811  000.284: require('rocks.fs')
044.501  000.291  000.291: require('rocks.config.check')
044.733  006.924  000.822: require('rocks.config.internal')
044.746  007.408  000.289: require('rocks.luarocks')
045.166  000.418  000.418: require('rocks.state')
045.176  008.086  000.260: require('rocks.cache')
046.548  000.583  000.583: require('fzy_native')
046.552  000.767  000.184: require('fzy')
046.554  000.968  000.201: require('rocks.fzy')
046.561  001.383  000.415: require('rocks.commands')
047.050  000.243  000.243: require('rocks.operations.handlers')
048.016  000.247  000.247: require('rocks.runtime')
048.041  000.664  000.417: require('rocks.operations.helpers')
049.064  000.247  000.247: require('fidget.spinner.patterns')
049.068  000.456  000.209: require('fidget.spinner')
049.284  000.214  000.214: require('fidget.options')
049.292  000.937  000.267: require('fidget.progress.display')
049.927  000.319  000.319: require('fidget.logger')
050.691  000.759  000.759: require('vim.lsp.handlers')
050.698  001.404  000.325: require('fidget.progress.lsp')
053.980  001.251  001.251: require('fidget.poll')
053.998  002.626  001.375: require('fidget.notification.model')
054.788  000.787  000.787: require('fidget.notification.window')
055.568  000.771  000.771: require('fidget.notification.view')
055.630  004.682  000.498: require('fidget.notification')
055.645  004.945  000.263: require('fidget.progress.handle')
055.696  007.653  000.367: require('fidget.progress')
056.597  000.897  000.897: require('rocks.adapter')
056.605  009.551  000.337: require('rocks.operations.update')
059.562  002.955  002.955: require('rocks.operations.sync')
060.172  000.207  000.207: require('rocks.operations.parser')
060.177  000.611  000.404: require('rocks.operations.add')
060.414  000.235  000.235: require('rocks.operations.prune')
060.607  000.190  000.190: require('rocks.operations.pin')
060.810  000.201  000.201: require('rocks.operations.unpin')
060.813  014.249  000.264: require('rocks.operations')
060.818  023.996  000.278: require('rocks.api')
061.912  000.148  000.148: require('lz.n.state')
061.916  000.409  000.262: require('lz.n.loader')
061.923  000.656  000.246: require('lz.n.handler.cmd')
062.245  000.320  000.320: require('lz.n.handler.event')
062.417  000.169  000.169: require('lz.n.handler.ft')
062.715  000.295  000.295: require('lz.n.handler.keys')
062.916  000.198  000.198: require('lz.n.handler.colorscheme')
062.921  001.869  000.232: require('lz.n.handler')
062.923  002.104  000.234: require('lz.n')
064.033  001.018  001.018: require('toml_edit')
064.713  000.174  000.174: require('rocks-config')
065.354  000.635  000.635: require('vim.iter')
065.976  000.366  000.366: require('lz.n.spec')
066.955  030.584  001.884: sourcing /Users/iMac/.local/share/nvim/rocks/lib/luarocks/rocks-5.1/rocks-lazy.nvim/1.0.1-1/plugin/rocks-lazy.lua
067.612  000.230  000.230: require('rocks_treesitter.ft_parser_map')
068.197  001.035  000.805: require('rocks_treesitter.config')
068.203  001.102  000.068: sourcing /Users/iMac/.local/share/nvim/rocks/lib/luarocks/rocks-5.1/rocks-treesitter.nvim/1.0.3-1/plugin/rocks-treesitter.lua
069.305  000.289  000.289: require('rocks.loader')
071.687  000.579  000.579: require('luarocks.core.dir')
072.374  000.676  000.676: require('luarocks.core.util')
072.769  000.383  000.383: require('luarocks.core.persist')
073.214  000.442  000.442: require('luarocks.core.sysdetect')
073.502  000.285  000.285: require('luarocks.core.vers')
073.513  003.450  001.086: require('luarocks.core.cfg')
115.065  000.338  000.338: require('luarocks.core.path')
115.305  000.235  000.235: require('luarocks.core.manif')
115.368  045.653  041.629: require('luarocks.loader')
121.177  000.324  000.324: require('vim.treesitter.language')
121.438  000.257  000.257: require('vim.func')
121.739  000.296  000.296: require('vim.func._memoize')
121.774  001.650  000.774: require('vim.treesitter.query')
122.059  000.282  000.282: require('vim.treesitter._range')
122.089  002.684  000.752: require('vim.treesitter.languagetree')
122.095  006.635  003.950: require('vim.treesitter')
122.534  000.384  000.384: require('vim._system')
123.680  000.380  000.380: require('rocks.api.hooks')
125.732  000.369  000.369: require('rocks-config.constants')
125.737  000.858  000.489: require('rocks-config.internal')
128.564  000.165  000.165: sourcing /Users/iMac/.local/share/nvim/site/pack/luarocks/opt/nvim-lspconfig/plugin/lspconfig.lua
131.631  000.335  000.335: require('mason-core.path')
132.463  000.416  000.416: require('mason-core.functional')
133.042  000.238  000.238: require('mason-core.functional.data')
133.048  000.562  000.324: require('mason-core.functional.function')
133.360  000.298  000.298: require('mason-core.functional.relation')
133.665  000.297  000.297: require('mason-core.functional.logic')
133.691  002.057  000.484: require('mason-core.platform')
134.002  000.309  000.309: require('mason.settings')
134.006  005.297  002.597: require('mason')
135.009  000.493  000.493: require('mason-core.functional.list')
135.389  000.376  000.376: require('mason-core.functional.string')
135.421  001.401  000.532: require('mason.api.command')
135.829  000.402  000.402: require('mason-registry.sources')
136.632  000.404  000.404: require('mason-core.log')
136.874  000.238  000.238: require('mason-lspconfig.settings')
136.881  001.032  000.390: require('mason-lspconfig')
138.481  000.590  000.590: require('lspconfig.util')
138.831  000.346  000.346: require('lspconfig.async')
138.835  001.701  000.765: require('lspconfig.configs')
138.837  001.954  000.253: require('lspconfig')
139.469  000.249  000.249: require('mason-lspconfig.notify')
139.475  000.635  000.386: require('mason-lspconfig.lspconfig_hook')
140.098  000.285  000.285: require('mason-core.functional.table')
140.144  000.666  000.382: require('mason-lspconfig.mappings.server')
140.830  000.305  000.305: require('mason-core.EventEmitter')
141.111  000.277  000.277: require('mason-core.optional')
141.799  000.368  000.368: require('mason-core.async')
142.036  000.234  000.234: require('mason-core.async.uv')
142.045  000.930  000.329: require('mason-core.fs')
142.067  001.921  000.409: require('mason-registry')
142.354  000.285  000.285: require('mason-lspconfig.server_config_extensions')
142.678  000.320  000.320: require('lspconfig.server_configurations.omnisharp')
143.678  000.259  000.259: require('mason-core.functional.number')
143.715  000.685  000.427: require('mason-lspconfig.api.command')
144.387  000.324  000.324: require('lspconfig.server_configurations.graphql')
145.488  000.468  000.468: require('lspconfig.manager')
145.806  000.310  000.310: require('lspconfig.server_configurations.als')
146.602  000.268  000.268: require('lspconfig.server_configurations.tsserver')
147.502  000.273  000.273: require('lspconfig.server_configurations.ocamllsp')
148.293  000.317  000.317: require('lspconfig.server_configurations.hls')
149.071  000.291  000.291: require('lspconfig.server_configurations.vacuum')
149.761  000.245  000.245: require('lspconfig.server_configurations.perlnavigator')
150.195  000.276  000.276: require('mason-lspconfig.server_configurations.perlnavigator')
150.483  000.258  000.258: require('lspconfig.server_configurations.elixirls')
150.748  000.243  000.243: require('mason-lspconfig.server_configurations.elixirls')
151.019  000.247  000.247: require('lspconfig.server_configurations.bashls')
151.704  000.291  000.291: require('lspconfig.server_configurations.powershell_es')
152.061  000.282  000.282: require('mason-lspconfig.server_configurations.powershell_es')
152.341  000.247  000.247: require('lspconfig.server_configurations.jsonls')
153.237  000.315  000.315: require('lspconfig.server_configurations.biome')
153.893  000.271  000.271: require('lspconfig.server_configurations.lemminx')
154.655  000.348  000.348: require('lspconfig.server_configurations.clangd')
155.375  000.256  000.256: require('lspconfig.server_configurations.zls')
156.059  000.289  000.289: require('lspconfig.server_configurations.lua_ls')
156.700  000.274  000.274: require('lspconfig.server_configurations.clojure_lsp')
157.330  000.263  000.263: require('lspconfig.server_configurations.cmake')
158.025  000.270  000.270: require('lspconfig.server_configurations.marksman')
158.871  000.429  000.429: require('lspconfig.server_configurations.eslint')
159.623  000.270  000.270: require('lspconfig.server_configurations.pylsp')
159.987  000.302  000.302: require('mason-lspconfig.server_configurations.pylsp')
160.341  000.283  000.283: require('lspconfig.server_configurations.yamlls')
161.062  000.268  000.268: require('lspconfig.server_configurations.sqlls')
161.812  000.327  000.327: require('lspconfig.server_configurations.tailwindcss')
162.693  000.351  000.351: require('lspconfig.server_configurations.taplo')
163.388  000.323  000.323: require('lspconfig.server_configurations.gopls')
164.212  000.434  000.434: require('lspconfig.server_configurations.rust_analyzer')
166.705  000.391  000.391: require('lspconfig.server_configurations.sourcekit')
173.690  000.530  000.530: require('ibl.utils')
173.697  000.907  000.377: require('ibl.config')
174.335  000.267  000.267: require('ibl.indent')
174.341  000.642  000.375: require('ibl.hooks')
174.344  001.854  000.305: require('ibl.highlights')
174.583  000.238  000.238: require('ibl.autocmds')
174.855  000.269  000.269: require('ibl.inlay_hints')
175.126  000.269  000.269: require('ibl.virt_text')
175.843  000.468  000.468: require('ibl.scope_languages')
175.847  000.719  000.251: require('ibl.scope')
175.853  003.882  000.534: require('ibl')
176.262  004.457  000.575: require('plugin.indent-blankline')
177.914  000.268  000.268: require('lualine_require')
178.609  001.536  001.268: require('lualine')
186.679  009.806  008.271: require('plugin.lualine')
189.499  000.132  000.132: sourcing /Users/iMac/.local/share/nvim/site/pack/luarocks/opt/nvim-lspconfig/plugin/lspconfig.lua
190.253  000.028  000.028: sourcing /Users/iMac/.local/share/nvim/site/pack/luarocks/opt/rocks-lazy.nvim/plugin/rocks-lazy.lua
191.304  000.034  000.034: sourcing /Users/iMac/.local/share/nvim/site/pack/luarocks/opt/rocks-treesitter.nvim/plugin/rocks-treesitter.lua
193.790  125.438  032.015: sourcing /Users/iMac/.local/share/nvim/rocks/lib/luarocks/rocks-5.1/rocks.nvim/2.36.1-1/plugin/rocks.lua
194.165  000.286  000.286: sourcing /Users/iMac/.local/share/nvim/rocks/lib/luarocks/rocks-5.1/telescope.nvim/scm-1/plugin/telescope.lua
194.294  000.033  000.033: sourcing /Users/iMac/.local/share/nvim/rocks/lib/luarocks/rocks-5.1/which-key.nvim/3.13.2-1/plugin/which-key.lua
194.299  012.248: loading rtp plugins
194.552  000.253: loading packages
197.102  000.079  000.079: sourcing /Users/iMac/.local/share/nvim/site/pack/luarocks/opt/indent-blankline.nvim/after/plugin/commands.lua
197.107  002.476: loading after plugins
197.113  000.006: inits 3
205.009  007.896: reading ShaDa
205.419  000.411: opening buffers
205.607  000.187: BufEnter autocommands
205.609  000.003: editing files in windows
205.884  000.275: VimEnter autocommands
205.897  000.013: UIEnter autocommands
206.421  000.159  000.159: sourcing /usr/local/Cellar/neovim/0.10.0/share/nvim/runtime/autoload/provider/clipboard.vim
206.429  000.373: before starting main loop
206.878  000.449: first screen update
206.880  000.002: --- NVIM STARTED ---

--- Startup times for process: Primary/TUI ---

times in msec
 clock   self+sourced   self:  sourced script
 clock   elapsed:              other lines

000.001  000.001: --- NVIM STARTING ---
000.115  000.114: event init
000.267  000.152: early init
000.733  000.466: locale set
000.791  000.058: init first window
029.610  028.819: inits 1
029.625  000.015: window checked
029.632  000.006: parsing arguments
030.353  000.050  000.050: require('vim.shared')
030.460  000.051  000.051: require('vim.inspect')
030.518  000.046  000.046: require('vim._options')
030.521  000.163  000.065: require('vim._editor')
030.523  000.300  000.087: require('vim._init_packages')
030.525  000.593: init lua interpreter
031.785  001.260: --- NVIM STARTED ---

--- Startup times for process: Embedded ---

times in msec
 clock   self+sourced   self:  sourced script
 clock   elapsed:              other lines

000.001  000.001: --- NVIM STARTING ---
000.109  000.108: event init
000.238  000.130: early init
000.695  000.456: locale set
000.748  000.053: init first window
001.184  000.437: inits 1
001.208  000.024: window checked
001.214  000.006: parsing arguments
001.822  000.048  000.048: require('vim.shared')
001.923  000.048  000.048: require('vim.inspect')
001.980  000.045  000.045: require('vim._options')
001.982  000.156  000.063: require('vim._editor')
001.984  000.282  000.078: require('vim._init_packages')
001.986  000.490: init lua interpreter
004.054  002.067: expanding arguments
004.077  000.023: inits 2
004.413  000.336: init highlight
004.417  000.003: waiting for UI
004.820  000.403: done waiting for UI
004.835  000.015: clear screen
004.945  000.010  000.010: require('vim.keymap')
006.063  001.224  001.215: require('vim._defaults')
006.067  000.007: init default mappings & autocommands
007.403  000.149  000.149: sourcing /usr/local/Cellar/neovim/0.10.0/share/nvim/runtime/ftplugin.vim
007.648  000.049  000.049: sourcing /usr/local/Cellar/neovim/0.10.0/share/nvim/runtime/indent.vim
010.043  002.013  002.013: sourcing /Users/iMac/.config/nvim/init.lua
010.073  001.795: sourcing vimrc file(s)
013.176  000.404  000.404: sourcing /usr/local/Cellar/neovim/0.10.0/share/nvim/runtime/filetype.lua
013.838  000.103  000.103: sourcing /usr/local/Cellar/neovim/0.10.0/share/nvim/runtime/syntax/synload.vim
013.999  000.413  000.310: sourcing /usr/local/Cellar/neovim/0.10.0/share/nvim/runtime/syntax/syntax.vim
015.932  000.286  000.286: sourcing /usr/local/Cellar/neovim/0.10.0/share/nvim/runtime/plugin/gzip.vim
017.464  000.259  000.259: sourcing /usr/local/Cellar/neovim/0.10.0/share/nvim/runtime/pack/dist/opt/matchit/plugin/matchit.vim
017.604  001.555  001.296: sourcing /usr/local/Cellar/neovim/0.10.0/share/nvim/runtime/plugin/matchit.vim
018.006  000.249  000.249: sourcing /usr/local/Cellar/neovim/0.10.0/share/nvim/runtime/plugin/matchparen.vim
018.684  000.488  000.488: sourcing /usr/local/Cellar/neovim/0.10.0/share/nvim/runtime/plugin/netrwPlugin.vim
019.189  000.014  000.014: sourcing /Users/iMac/.local/share/nvim/rplugin.vim
019.201  000.319  000.305: sourcing /usr/local/Cellar/neovim/0.10.0/share/nvim/runtime/plugin/rplugin.vim
019.385  000.078  000.078: sourcing /usr/local/Cellar/neovim/0.10.0/share/nvim/runtime/plugin/shada.vim
019.608  000.109  000.109: sourcing /usr/local/Cellar/neovim/0.10.0/share/nvim/runtime/plugin/spellfile.vim
019.833  000.110  000.110: sourcing /usr/local/Cellar/neovim/0.10.0/share/nvim/runtime/plugin/tarPlugin.vim
019.971  000.025  000.025: sourcing /usr/local/Cellar/neovim/0.10.0/share/nvim/runtime/plugin/tutor.vim
020.228  000.154  000.154: sourcing /usr/local/Cellar/neovim/0.10.0/share/nvim/runtime/plugin/zipPlugin.vim
020.427  000.074  000.074: sourcing /usr/local/Cellar/neovim/0.10.0/share/nvim/runtime/plugin/editorconfig.lua
020.627  000.087  000.087: sourcing /usr/local/Cellar/neovim/0.10.0/share/nvim/runtime/plugin/man.lua
020.827  000.076  000.076: sourcing /usr/local/Cellar/neovim/0.10.0/share/nvim/runtime/plugin/osc52.lua
021.010  000.057  000.057: sourcing /usr/local/Cellar/neovim/0.10.0/share/nvim/runtime/plugin/tohtml.lua
024.829  000.080  000.080: sourcing /Users/iMac/.local/share/nvim/rocks/lib/luarocks/rocks-5.1/neo-tree.nvim/3.26-1/plugin/neo-tree.vim
025.001  000.045  000.045: sourcing /Users/iMac/.local/share/nvim/rocks/lib/luarocks/rocks-5.1/nvim-web-devicons/0.100-1/plugin/nvim-web-devicons.vim
025.166  000.045  000.045: sourcing /Users/iMac/.local/share/nvim/rocks/lib/luarocks/rocks-5.1/plenary.nvim/scm-1/plugin/plenary.vim
029.276  000.061  000.061: require('vim.fs')
029.325  000.396  000.335: require('vim.lsp.log')
030.720  001.391  001.391: require('vim.lsp.protocol')
032.952  000.384  000.384: require('vim.lsp._snippet_grammar')
033.187  000.231  000.231: require('vim.highlight')
033.196  000.005  000.005: require('vim.F')
033.210  002.485  001.865: require('vim.lsp.util')
033.892  000.330  000.330: require('vim.lsp.sync')
033.898  000.685  000.354: require('vim.lsp._changetracking')
034.539  000.638  000.638: require('vim.lsp.rpc')
034.717  009.187  003.592: require('vim.lsp')
034.768  009.495  000.308: sourcing /Users/iMac/.local/share/nvim/rocks/lib/luarocks/rocks-5.1/nvim-lspconfig/0.1.8-1/plugin/lspconfig.lua
035.477  000.201  000.201: require('rocks_treesitter.ft_parser_map')
036.440  000.199  000.199: require('rocks.constants')
037.362  000.344  000.344: require('rocks.log')
038.034  000.353  000.353: require('nio.tasks')
038.364  000.326  000.326: require('nio.control')
039.254  000.887  000.887: require('nio.uv')
039.508  000.251  000.251: require('nio.tests')
039.916  000.221  000.221: require('vim.ui')
039.929  000.418  000.197: require('nio.ui')
040.417  000.285  000.285: require('nio.streams')
040.420  000.490  000.204: require('nio.file')
041.126  000.166  000.166: require('nio.util')
041.230  000.530  000.364: require('nio.logger')
041.256  000.834  000.303: require('nio.lsp')
041.575  000.317  000.317: require('nio.process')
041.599  004.234  000.358: require('nio')
041.614  004.854  000.277: require('rocks.fs')
042.091  000.260  000.260: require('rocks.config.check')
042.203  005.759  000.645: require('rocks.config.internal')
042.223  006.246  000.288: require('rocks.luarocks')
042.591  000.367  000.367: require('rocks.state')
042.641  006.908  000.296: require('rocks.cache')
043.937  000.576  000.576: require('fzy_native')
043.940  000.743  000.167: require('fzy')
043.943  000.927  000.184: require('rocks.fzy')
043.948  001.305  000.378: require('rocks.commands')
044.362  000.205  000.205: require('rocks.operations.handlers')
045.240  000.223  000.223: require('rocks.runtime')
045.260  000.605  000.382: require('rocks.operations.helpers')
046.192  000.234  000.234: require('fidget.spinner.patterns')
046.195  000.413  000.179: require('fidget.spinner')
046.400  000.202  000.202: require('fidget.options')
046.407  000.860  000.245: require('fidget.progress.display')
046.973  000.258  000.258: require('fidget.logger')
047.689  000.713  000.713: require('vim.lsp.handlers')
047.695  001.287  000.316: require('fidget.progress.lsp')
048.877  000.270  000.270: require('fidget.poll')
048.881  000.647  000.377: require('fidget.notification.model')
049.283  000.400  000.400: require('fidget.notification.window')
049.621  000.335  000.335: require('fidget.notification.view')
049.667  001.743  000.361: require('fidget.notification')
049.671  001.974  000.231: require('fidget.progress.handle')
049.682  004.420  000.300: require('fidget.progress')
050.114  000.430  000.430: require('rocks.adapter')
050.118  005.752  000.297: require('rocks.operations.update')
052.365  002.245  002.245: require('rocks.operations.sync')
052.854  000.174  000.174: require('rocks.operations.parser')
052.858  000.490  000.316: require('rocks.operations.add')
053.056  000.196  000.196: require('rocks.operations.prune')
053.224  000.165  000.165: require('rocks.operations.pin')
053.405  000.179  000.179: require('rocks.operations.unpin')
053.407  009.457  000.225: require('rocks.operations')
053.411  017.931  000.261: require('rocks.api')
054.412  000.923  000.923: require('toml_edit')
055.321  000.586  000.586: require('vim.iter')
055.382  020.433  000.791: require('rocks_treesitter.config')
055.387  020.480  000.047: sourcing /Users/iMac/.local/share/nvim/rocks/lib/luarocks/rocks-5.1/rocks-treesitter.nvim/1.0.3-1/plugin/rocks-treesitter.lua
056.125  000.203  000.203: require('rocks.loader')
057.673  000.187  000.187: require('luarocks.core.dir')
058.022  000.346  000.346: require('luarocks.core.util')
058.212  000.187  000.187: require('luarocks.core.persist')
059.360  001.146  001.146: require('luarocks.core.sysdetect')
060.819  001.438  001.438: require('luarocks.core.vers')
060.940  004.205  000.902: require('luarocks.core.cfg')
106.628  000.324  000.324: require('luarocks.core.path')
106.867  000.235  000.235: require('luarocks.core.manif')
106.921  050.494  045.730: require('luarocks.loader')
112.733  000.327  000.327: require('vim.treesitter.language')
112.957  000.219  000.219: require('vim.func')
113.238  000.275  000.275: require('vim.func._memoize')
113.264  001.937  001.115: require('vim.treesitter.query')
113.608  000.341  000.341: require('vim.treesitter._range')
113.636  003.277  000.999: require('vim.treesitter.languagetree')
113.642  006.584  003.307: require('vim.treesitter')
114.097  000.433  000.433: require('vim._system')
115.433  000.557  000.557: require('rocks.api.hooks')
117.424  000.288  000.288: require('rocks-config.constants')
117.430  000.851  000.564: require('rocks-config.internal')
120.380  000.176  000.176: sourcing /Users/iMac/.local/share/nvim/site/pack/luarocks/opt/nvim-lspconfig/plugin/lspconfig.lua
123.522  000.355  000.355: require('mason-core.path')
124.346  000.417  000.417: require('mason-core.functional')
125.010  000.317  000.317: require('mason-core.functional.data')
125.017  000.649  000.332: require('mason-core.functional.function')
125.348  000.317  000.317: require('mason-core.functional.relation')
125.704  000.348  000.348: require('mason-core.functional.logic')
125.730  002.205  000.474: require('mason-core.platform')
126.063  000.330  000.330: require('mason.settings')
126.066  005.532  002.643: require('mason')
127.016  000.431  000.431: require('mason-core.functional.list')
127.429  000.409  000.409: require('mason-core.functional.string')
127.463  001.382  000.542: require('mason.api.command')
127.797  000.327  000.327: require('mason-registry.sources')
128.671  000.437  000.437: require('mason-core.log')
128.929  000.255  000.255: require('mason-lspconfig.settings')
128.933  001.112  000.419: require('mason-lspconfig')
130.280  000.655  000.655: require('lspconfig.util')
130.589  000.305  000.305: require('lspconfig.async')
130.593  001.406  000.446: require('lspconfig.configs')
130.596  001.661  000.255: require('lspconfig')
131.170  000.256  000.256: require('mason-lspconfig.notify')
131.179  000.581  000.325: require('mason-lspconfig.lspconfig_hook')
132.164  000.293  000.293: require('mason-core.functional.table')
132.206  001.025  000.732: require('mason-lspconfig.mappings.server')
132.917  000.288  000.288: require('mason-core.EventEmitter')
133.206  000.286  000.286: require('mason-core.optional')
133.966  000.395  000.395: require('mason-core.async')
134.201  000.232  000.232: require('mason-core.async.uv')
134.210  001.001  000.374: require('mason-core.fs')
134.234  002.026  000.451: require('mason-registry')
134.457  000.220  000.220: require('mason-lspconfig.server_config_extensions')
134.762  000.302  000.302: require('lspconfig.server_configurations.omnisharp')
135.742  000.239  000.239: require('mason-core.functional.number')
135.770  000.648  000.409: require('mason-lspconfig.api.command')
136.397  000.260  000.260: require('lspconfig.server_configurations.taplo')
137.518  000.426  000.426: require('lspconfig.manager')
137.833  000.248  000.248: require('lspconfig.server_configurations.vacuum')
138.496  000.238  000.238: require('lspconfig.server_configurations.elixirls')
138.939  000.238  000.238: require('mason-lspconfig.server_configurations.elixirls')
139.195  000.230  000.230: require('lspconfig.server_configurations.bashls')
140.039  000.252  000.252: require('lspconfig.server_configurations.lemminx')
140.757  000.247  000.247: require('lspconfig.server_configurations.lua_ls')
141.342  000.231  000.231: require('lspconfig.server_configurations.cmake')
141.923  000.241  000.241: require('lspconfig.server_configurations.yamlls')
142.580  000.232  000.232: require('lspconfig.server_configurations.zls')
143.261  000.275  000.275: require('lspconfig.server_configurations.marksman')
144.024  000.277  000.277: require('lspconfig.server_configurations.gopls')
144.878  000.286  000.286: require('lspconfig.server_configurations.graphql')
145.592  000.287  000.287: require('lspconfig.server_configurations.als')
146.347  000.278  000.278: require('lspconfig.server_configurations.sqlls')
147.127  000.381  000.381: require('lspconfig.server_configurations.eslint')
147.792  000.269  000.269: require('lspconfig.server_configurations.powershell_es')
148.043  000.217  000.217: require('mason-lspconfig.server_configurations.powershell_es')
148.340  000.268  000.268: require('lspconfig.server_configurations.tailwindcss')
149.034  000.276  000.276: require('lspconfig.server_configurations.ocamllsp')
149.679  000.313  000.313: require('lspconfig.server_configurations.hls')
150.309  000.267  000.267: require('lspconfig.server_configurations.clangd')
151.090  000.322  000.322: require('lspconfig.server_configurations.tsserver')
151.949  000.351  000.351: require('lspconfig.server_configurations.clojure_lsp')
152.623  000.255  000.255: require('lspconfig.server_configurations.biome')
153.258  000.243  000.243: require('lspconfig.server_configurations.pylsp')
153.600  000.275  000.275: require('mason-lspconfig.server_configurations.pylsp')
153.888  000.245  000.245: require('lspconfig.server_configurations.jsonls')
154.692  000.401  000.401: require('lspconfig.server_configurations.rust_analyzer')
156.270  000.241  000.241: require('lspconfig.server_configurations.perlnavigator')
156.593  000.254  000.254: require('mason-lspconfig.server_configurations.perlnavigator')
157.277  000.248  000.248: require('lspconfig.server_configurations.sourcekit')
161.392  000.307  000.307: require('lualine_require')
162.250  001.886  001.579: require('lualine')
172.698  012.604  010.718: require('plugin.lualine')
175.112  000.223  000.223: require('which-key')
175.371  000.257  000.257: require('telescope.themes')
176.902  000.234  000.234: require('telescope._extensions')
176.906  000.513  000.279: require('telescope')
178.081  000.357  000.357: require('plenary.tbl')
178.085  000.574  000.218: require('plenary.vararg.rotate')
178.086  000.749  000.174: require('plenary.vararg')
178.266  000.178  000.178: require('plenary.errors')
178.475  000.207  000.207: require('plenary.functional')
178.479  001.373  000.239: require('plenary.async.async')
179.407  000.216  000.216: require('plenary.async.structs')
179.414  000.492  000.276: require('plenary.async.control')
179.419  000.732  000.240: require('plenary.async.util')
179.421  000.925  000.193: require('plenary.async.tests')
179.423  002.515  000.217: require('plenary.async')
181.490  000.317  000.317: require('plenary.bit')
181.545  000.042  000.042: require('ffi')
181.576  001.032  000.673: require('plenary.path')
181.590  001.336  000.304: require('plenary.strings')
181.593  001.762  000.427: require('plenary.window.border')
181.780  000.186  000.186: require('plenary.window')
181.970  000.185  000.185: require('plenary.popup.utils')
181.974  002.534  000.402: require('plenary.popup')
183.755  000.224  000.224: require('telescope.deprecated')
184.980  000.404  000.404: require('plenary.log')
185.023  000.642  000.238: require('telescope.log')
186.309  000.194  000.194: require('plenary.compat')
186.316  000.664  000.471: require('plenary.job')
186.534  000.217  000.217: require('telescope.state')
186.558  001.533  000.652: require('telescope.utils')
186.563  002.806  000.631: require('telescope.sorters')
188.374  005.311  002.281: require('telescope.config')
188.654  000.276  000.276: require('telescope.pickers.scroller')
188.862  000.205  000.205: require('telescope.actions.state')
189.101  000.237  000.237: require('telescope.actions.utils')
189.706  000.278  000.278: require('telescope.actions.mt')
189.719  000.615  000.338: require('telescope.actions.set')
190.245  000.273  000.273: require('telescope.config.resolve')
190.248  000.528  000.255: require('telescope.pickers.entry_display')
190.443  000.193  000.193: require('telescope.from_entry')
190.579  008.603  001.238: require('telescope.actions')
190.845  000.264  000.264: require('telescope.debounce')
191.212  000.364  000.364: require('telescope.mappings')
191.469  000.254  000.254: require('telescope.pickers.highlights')
191.673  000.202  000.202: require('telescope.pickers.window')
191.886  000.211  000.211: require('telescope.pickers.layout')
192.435  000.257  000.257: require('telescope.algos.linked_list')
192.438  000.518  000.261: require('telescope.entry_manager')
192.684  000.218  000.218: require('telescope.pickers.multi')
192.699  017.315  001.119: require('telescope.pickers')
193.825  000.862  000.862: require('telescope.make_entry')
194.042  000.214  000.214: require('telescope.finders.async_static_finder')
194.834  000.207  000.207: require('plenary.class')
194.893  000.625  000.418: require('telescope._')
194.896  000.852  000.227: require('telescope.finders.async_oneshot_finder')
195.125  000.228  000.228: require('telescope.finders.async_job_finder')
195.130  002.429  000.274: require('telescope.finders')
195.492  000.359  000.359: require('which-key.config')
195.603  021.005  000.423: require('plugin.which-key')
198.040  000.471  000.471: require('ibl.utils')
198.051  000.853  000.383: require('ibl.config')
198.850  000.279  000.279: require('ibl.indent')
198.858  000.805  000.527: require('ibl.hooks')
198.861  001.946  000.287: require('ibl.highlights')
199.095  000.233  000.233: require('ibl.autocmds')
199.346  000.249  000.249: require('ibl.inlay_hints')
199.635  000.286  000.286: require('ibl.virt_text')
200.381  000.483  000.483: require('ibl.scope_languages')
200.385  000.748  000.264: require('ibl.scope')
200.393  004.032  000.570: require('ibl')
200.707  004.530  000.497: require('plugin.indent-blankline')
202.794  001.419  001.419: require('plugin.telescope')
205.465  000.210  000.210: sourcing /Users/iMac/.local/share/nvim/site/pack/luarocks/opt/nvim-lspconfig/plugin/lspconfig.lua
206.259  000.035  000.035: sourcing /Users/iMac/.local/share/nvim/site/pack/luarocks/opt/rocks-treesitter.nvim/plugin/rocks-treesitter.lua
208.153  000.030  000.030: sourcing /Users/iMac/.local/share/nvim/site/pack/luarocks/opt/neo-tree.nvim/plugin/neo-tree.vim
209.520  000.037  000.037: sourcing /Users/iMac/.local/share/nvim/site/pack/luarocks/opt/which-key.nvim/plugin/which-key.lua
211.098  000.324  000.324: sourcing /Users/iMac/.local/share/nvim/site/pack/luarocks/opt/telescope.nvim/plugin/telescope.lua
211.224  155.723  032.345: sourcing /Users/iMac/.local/share/nvim/rocks/lib/luarocks/rocks-5.1/rocks.nvim/2.36.1-1/plugin/rocks.lua
211.449  000.156  000.156: sourcing /Users/iMac/.local/share/nvim/rocks/lib/luarocks/rocks-5.1/telescope.nvim/scm-1/plugin/telescope.lua
211.542  000.029  000.029: sourcing /Users/iMac/.local/share/nvim/rocks/lib/luarocks/rocks-5.1/which-key.nvim/3.13.2-1/plugin/which-key.lua
211.547  010.939: loading rtp plugins
211.753  000.207: loading packages
213.783  000.080  000.080: sourcing /Users/iMac/.local/share/nvim/site/pack/luarocks/opt/indent-blankline.nvim/after/plugin/commands.lua
213.788  001.955: loading after plugins
213.793  000.006: inits 3
221.415  007.622: reading ShaDa
221.581  000.166: opening buffers
221.724  000.143: BufEnter autocommands
221.726  000.002: editing files in windows
221.908  000.182: VimEnter autocommands
221.911  000.003: UIEnter autocommands
222.296  000.156  000.156: sourcing /usr/local/Cellar/neovim/0.10.0/share/nvim/runtime/autoload/provider/clipboard.vim
222.304  000.238: before starting main loop
222.726  000.422: first screen update
222.728  000.001: --- NVIM STARTED ---

--- Startup times for process: Primary/TUI ---

times in msec
 clock   self+sourced   self:  sourced script
 clock   elapsed:              other lines

000.001  000.001: --- NVIM STARTING ---
000.115  000.114: event init
000.266  000.151: early init
000.716  000.450: locale set
000.778  000.062: init first window
034.695  033.917: inits 1
034.710  000.015: window checked
034.716  000.007: parsing arguments
035.358  000.051  000.051: require('vim.shared')
035.465  000.051  000.051: require('vim.inspect')
035.532  000.054  000.054: require('vim._options')
035.534  000.172  000.067: require('vim._editor')
035.536  000.301  000.078: require('vim._init_packages')
035.538  000.521: init lua interpreter
036.872  001.334: --- NVIM STARTED ---

--- Startup times for process: Embedded ---

times in msec
 clock   self+sourced   self:  sourced script
 clock   elapsed:              other lines

000.001  000.001: --- NVIM STARTING ---
000.114  000.113: event init
000.236  000.123: early init
000.673  000.436: locale set
000.725  000.052: init first window
001.167  000.443: inits 1
001.192  000.025: window checked
001.198  000.006: parsing arguments
001.800  000.051  000.051: require('vim.shared')
001.910  000.050  000.050: require('vim.inspect')
001.968  000.046  000.046: require('vim._options')
001.970  000.167  000.071: require('vim._editor')
001.972  000.287  000.069: require('vim._init_packages')
001.974  000.489: init lua interpreter
004.469  002.495: expanding arguments
004.500  000.031: inits 2
004.877  000.377: init highlight
004.881  000.004: waiting for UI
005.329  000.448: done waiting for UI
005.349  000.019: clear screen
005.508  000.024  000.024: require('vim.keymap')
007.184  001.829  001.805: require('vim._defaults')
007.194  000.017: init default mappings & autocommands
008.404  000.090  000.090: sourcing /usr/local/Cellar/neovim/0.10.0/share/nvim/runtime/ftplugin.vim
008.573  000.037  000.037: sourcing /usr/local/Cellar/neovim/0.10.0/share/nvim/runtime/indent.vim
010.447  001.604  001.604: sourcing /Users/iMac/.config/nvim/init.lua
010.473  001.548: sourcing vimrc file(s)
013.666  000.462  000.462: sourcing /usr/local/Cellar/neovim/0.10.0/share/nvim/runtime/filetype.lua
014.449  000.108  000.108: sourcing /usr/local/Cellar/neovim/0.10.0/share/nvim/runtime/syntax/synload.vim
014.643  000.480  000.372: sourcing /usr/local/Cellar/neovim/0.10.0/share/nvim/runtime/syntax/syntax.vim
016.678  000.283  000.283: sourcing /usr/local/Cellar/neovim/0.10.0/share/nvim/runtime/plugin/gzip.vim
018.529  000.258  000.258: sourcing /usr/local/Cellar/neovim/0.10.0/share/nvim/runtime/pack/dist/opt/matchit/plugin/matchit.vim
018.624  001.767  001.509: sourcing /usr/local/Cellar/neovim/0.10.0/share/nvim/runtime/plugin/matchit.vim
018.904  000.178  000.178: sourcing /usr/local/Cellar/neovim/0.10.0/share/nvim/runtime/plugin/matchparen.vim
019.326  000.321  000.321: sourcing /usr/local/Cellar/neovim/0.10.0/share/nvim/runtime/plugin/netrwPlugin.vim
019.728  000.014  000.014: sourcing /Users/iMac/.local/share/nvim/rplugin.vim
019.739  000.293  000.279: sourcing /usr/local/Cellar/neovim/0.10.0/share/nvim/runtime/plugin/rplugin.vim
019.918  000.074  000.074: sourcing /usr/local/Cellar/neovim/0.10.0/share/nvim/runtime/plugin/shada.vim
020.124  000.092  000.092: sourcing /usr/local/Cellar/neovim/0.10.0/share/nvim/runtime/plugin/spellfile.vim
020.364  000.114  000.114: sourcing /usr/local/Cellar/neovim/0.10.0/share/nvim/runtime/plugin/tarPlugin.vim
020.510  000.025  000.025: sourcing /usr/local/Cellar/neovim/0.10.0/share/nvim/runtime/plugin/tutor.vim
020.790  000.168  000.168: sourcing /usr/local/Cellar/neovim/0.10.0/share/nvim/runtime/plugin/zipPlugin.vim
021.024  000.105  000.105: sourcing /usr/local/Cellar/neovim/0.10.0/share/nvim/runtime/plugin/editorconfig.lua
021.275  000.118  000.118: sourcing /usr/local/Cellar/neovim/0.10.0/share/nvim/runtime/plugin/man.lua
021.521  000.094  000.094: sourcing /usr/local/Cellar/neovim/0.10.0/share/nvim/runtime/plugin/osc52.lua
021.710  000.058  000.058: sourcing /usr/local/Cellar/neovim/0.10.0/share/nvim/runtime/plugin/tohtml.lua
025.325  000.086  000.086: sourcing /Users/iMac/.local/share/nvim/rocks/lib/luarocks/rocks-5.1/neo-tree.nvim/3.26-1/plugin/neo-tree.vim
025.489  000.034  000.034: sourcing /Users/iMac/.local/share/nvim/rocks/lib/luarocks/rocks-5.1/nvim-web-devicons/0.100-1/plugin/nvim-web-devicons.vim
025.637  000.036  000.036: sourcing /Users/iMac/.local/share/nvim/rocks/lib/luarocks/rocks-5.1/plenary.nvim/scm-1/plugin/plenary.vim
029.469  000.061  000.061: require('vim.fs')
029.515  000.392  000.331: require('vim.lsp.log')
030.796  001.276  001.276: require('vim.lsp.protocol')
032.999  000.386  000.386: require('vim.lsp._snippet_grammar')
033.236  000.232  000.232: require('vim.highlight')
033.246  000.005  000.005: require('vim.F')
033.260  002.459  001.835: require('vim.lsp.util')
033.952  000.337  000.337: require('vim.lsp.sync')
033.959  000.696  000.359: require('vim.lsp._changetracking')
034.603  000.641  000.641: require('vim.lsp.rpc')
034.681  008.735  003.272: require('vim.lsp')
034.727  008.988  000.253: sourcing /Users/iMac/.local/share/nvim/rocks/lib/luarocks/rocks-5.1/nvim-lspconfig/0.1.8-1/plugin/lspconfig.lua
035.412  000.208  000.208: require('rocks_treesitter.ft_parser_map')
036.454  000.244  000.244: require('rocks.constants')
037.457  000.363  000.363: require('rocks.log')
038.136  000.360  000.360: require('nio.tasks')
038.457  000.318  000.318: require('nio.control')
039.289  000.828  000.828: require('nio.uv')
039.543  000.250  000.250: require('nio.tests')
039.950  000.219  000.219: require('vim.ui')
039.964  000.418  000.199: require('nio.ui')
040.481  000.310  000.310: require('nio.streams')
040.485  000.519  000.209: require('nio.file')
041.349  000.182  000.182: require('nio.util')
041.454  000.610  000.428: require('nio.logger')
041.469  000.983  000.373: require('nio.lsp')
041.721  000.251  000.251: require('nio.process')
041.743  004.282  000.355: require('nio')
041.750  004.937  000.293: require('rocks.fs')
042.157  000.211  000.211: require('rocks.config.check')
042.315  005.857  000.709: require('rocks.config.internal')
042.328  006.409  000.309: require('rocks.luarocks')
042.681  000.351  000.351: require('rocks.state')
042.701  007.030  000.270: require('rocks.cache')
044.019  000.586  000.586: require('fzy_native')
044.023  000.758  000.172: require('fzy')
044.025  000.947  000.188: require('rocks.fzy')
044.031  001.327  000.380: require('rocks.commands')
044.410  000.202  000.202: require('rocks.operations.handlers')
045.273  000.224  000.224: require('rocks.runtime')
045.371  000.674  000.450: require('rocks.operations.helpers')
046.293  000.230  000.230: require('fidget.spinner.patterns')
046.296  000.408  000.177: require('fidget.spinner')
046.499  000.200  000.200: require('fidget.options')
046.506  000.849  000.241: require('fidget.progress.display')
047.196  000.382  000.382: require('fidget.logger')
047.813  000.613  000.613: require('vim.lsp.handlers')
047.819  001.311  000.316: require('fidget.progress.lsp')
049.036  000.268  000.268: require('fidget.poll')
049.042  000.644  000.376: require('fidget.notification.model')
049.408  000.365  000.365: require('fidget.notification.window')
049.731  000.320  000.320: require('fidget.notification.view')
049.743  001.669  000.340: require('fidget.notification')
049.746  001.926  000.257: require('fidget.progress.handle')
049.785  004.411  000.325: require('fidget.progress')
050.156  000.369  000.369: require('rocks.adapter')
050.162  005.749  000.295: require('rocks.operations.update')
052.434  002.270  002.270: require('rocks.operations.sync')
052.938  000.178  000.178: require('rocks.operations.parser')
052.943  000.506  000.328: require('rocks.operations.add')
053.186  000.241  000.241: require('rocks.operations.prune')
053.837  000.646  000.646: require('rocks.operations.pin')
054.541  000.684  000.684: require('rocks.operations.unpin')
054.554  010.521  000.223: require('rocks.operations')
054.563  019.148  000.270: require('rocks.api')
056.844  002.047  002.047: require('toml_edit')
058.432  001.048  001.048: require('vim.iter')
058.506  023.610  001.159: require('rocks_treesitter.config')
058.514  023.661  000.051: sourcing /Users/iMac/.local/share/nvim/rocks/lib/luarocks/rocks-5.1/rocks-treesitter.nvim/1.0.3-1/plugin/rocks-treesitter.lua
059.499  000.257  000.257: require('rocks.loader')
061.276  000.208  000.208: require('luarocks.core.dir')
061.725  000.446  000.446: require('luarocks.core.util')
061.964  000.235  000.235: require('luarocks.core.persist')
062.591  000.624  000.624: require('luarocks.core.sysdetect')
062.973  000.379  000.379: require('luarocks.core.vers')
062.989  002.769  000.877: require('luarocks.core.cfg')
105.720  000.323  000.323: require('luarocks.core.path')
105.964  000.240  000.240: require('luarocks.core.manif')
106.021  046.173  042.841: require('luarocks.loader')
111.834  000.258  000.258: require('vim.treesitter.language')
112.019  000.180  000.180: require('vim.func')
112.301  000.277  000.277: require('vim.func._memoize')
112.328  001.578  000.864: require('vim.treesitter.query')
112.662  000.332  000.332: require('vim.treesitter._range')
112.704  003.165  001.254: require('vim.treesitter.languagetree')
112.711  006.542  003.378: require('vim.treesitter')
113.244  000.438  000.438: require('vim._system')
114.637  000.480  000.480: require('rocks.api.hooks')
116.742  000.365  000.365: require('rocks-config.constants')
116.752  000.940  000.574: require('rocks-config.internal')
119.664  000.192  000.192: sourcing /Users/iMac/.local/share/nvim/site/pack/luarocks/opt/nvim-lspconfig/plugin/lspconfig.lua
122.782  000.301  000.301: require('mason-core.path')
123.589  000.406  000.406: require('mason-core.functional')
124.187  000.244  000.244: require('mason-core.functional.data')
124.193  000.578  000.335: require('mason-core.functional.function')
124.497  000.287  000.287: require('mason-core.functional.relation')
124.819  000.313  000.313: require('mason-core.functional.logic')
124.848  002.062  000.478: require('mason-core.platform')
125.168  000.318  000.318: require('mason.settings')
125.171  005.354  002.673: require('mason')
126.121  000.464  000.464: require('mason-core.functional.list')
126.493  000.368  000.368: require('mason-core.functional.string')
126.521  001.336  000.504: require('mason.api.command')
126.874  000.346  000.346: require('mason-registry.sources')
127.751  000.419  000.419: require('mason-core.log')
128.004  000.250  000.250: require('mason-lspconfig.settings')
128.008  001.109  000.440: require('mason-lspconfig')
129.305  000.592  000.592: require('lspconfig.util')
129.598  000.289  000.289: require('lspconfig.async')
129.602  001.347  000.466: require('lspconfig.configs')
129.604  001.595  000.247: require('lspconfig')
130.126  000.216  000.216: require('mason-lspconfig.notify')
130.135  000.529  000.312: require('mason-lspconfig.lspconfig_hook')
131.127  000.270  000.270: require('mason-core.functional.table')
131.178  001.040  000.771: require('mason-lspconfig.mappings.server')
131.862  000.277  000.277: require('mason-core.EventEmitter')
132.139  000.275  000.275: require('mason-core.optional')
132.856  000.367  000.367: require('mason-core.async')
133.135  000.275  000.275: require('mason-core.async.uv')
133.144  001.002  000.360: require('mason-core.fs')
133.165  001.985  000.431: require('mason-registry')
133.378  000.211  000.211: require('mason-lspconfig.server_config_extensions')
133.745  000.365  000.365: require('lspconfig.server_configurations.omnisharp')
134.934  000.301  000.301: require('mason-core.functional.number')
134.956  000.744  000.443: require('mason-lspconfig.api.command')
135.544  000.268  000.268: require('lspconfig.server_configurations.yamlls')
136.692  000.452  000.452: require('lspconfig.manager')
136.966  000.258  000.258: require('lspconfig.server_configurations.zls')
137.754  000.269  000.269: require('lspconfig.server_configurations.vacuum')
138.659  000.254  000.254: require('lspconfig.server_configurations.marksman')
139.502  000.249  000.249: require('lspconfig.server_configurations.elixirls')
139.948  000.242  000.242: require('mason-lspconfig.server_configurations.elixirls')
140.247  000.238  000.238: require('lspconfig.server_configurations.bashls')
141.132  000.317  000.317: require('lspconfig.server_configurations.biome')
141.987  000.308  000.308: require('lspconfig.server_configurations.sqlls')
142.883  000.338  000.338: require('lspconfig.server_configurations.powershell_es')
143.356  000.251  000.251: require('mason-lspconfig.server_configurations.powershell_es')
143.775  000.301  000.301: require('lspconfig.server_configurations.ocamllsp')
144.504  000.347  000.347: require('lspconfig.server_configurations.eslint')
145.273  000.278  000.278: require('lspconfig.server_configurations.clangd')
146.165  000.276  000.276: require('lspconfig.server_configurations.clojure_lsp')
146.739  000.234  000.234: require('lspconfig.server_configurations.cmake')
147.370  000.230  000.230: require('lspconfig.server_configurations.perlnavigator')
147.683  000.252  000.252: require('mason-lspconfig.server_configurations.perlnavigator')
148.004  000.246  000.246: require('lspconfig.server_configurations.pylsp')
148.426  000.287  000.287: require('mason-lspconfig.server_configurations.pylsp')
148.749  000.283  000.283: require('lspconfig.server_configurations.tailwindcss')
149.375  000.233  000.233: require('lspconfig.server_configurations.taplo')
150.034  000.271  000.271: require('lspconfig.server_configurations.gopls')
150.671  000.241  000.241: require('lspconfig.server_configurations.jsonls')
151.371  000.278  000.278: require('lspconfig.server_configurations.hls')
152.349  000.440  000.440: require('lspconfig.server_configurations.rust_analyzer')
154.241  000.300  000.300: require('lspconfig.server_configurations.lua_ls')
154.911  000.276  000.276: require('lspconfig.server_configurations.graphql')
155.568  000.262  000.262: require('lspconfig.server_configurations.tsserver')
156.218  000.254  000.254: require('lspconfig.server_configurations.als')
156.820  000.234  000.234: require('lspconfig.server_configurations.lemminx')
157.841  000.257  000.257: require('lspconfig.server_configurations.sourcekit')
160.236  000.651  000.651: require('fidget.commands')
160.810  000.309  000.309: require('fidget.integration.nvim-tree')
161.159  000.345  000.345: require('fidget.integration.xcodebuild-nvim')
161.165  000.925  000.271: require('fidget.integration')
161.199  001.869  000.293: require('fidget')
161.952  002.760  000.891: require('plugin.fidget')
164.500  000.360  000.360: require('telescope._extensions')
164.504  000.767  000.407: require('telescope')
168.624  000.384  000.384: require('plenary.bit')
168.934  000.306  000.306: require('plenary.functional')
169.021  000.073  000.073: require('ffi')
169.059  001.556  000.793: require('plenary.path')
169.075  001.922  000.366: require('plenary.strings')
169.293  000.216  000.216: require('telescope.deprecated')
170.466  000.430  000.430: require('plenary.log')
170.487  000.675  000.244: require('telescope.log')
171.981  000.269  000.269: require('plenary.compat')
171.989  000.831  000.562: require('plenary.job')
172.203  000.212  000.212: require('telescope.state')
172.232  001.743  000.700: require('telescope.utils')
172.238  002.943  000.525: require('telescope.sorters')
173.965  007.311  002.230: require('telescope.config')
174.747  000.348  000.348: require('plenary.window.border')
174.954  000.204  000.204: require('plenary.window')
175.140  000.184  000.184: require('plenary.popup.utils')
175.143  001.174  000.439: require('plenary.popup')
175.373  000.228  000.228: require('telescope.pickers.scroller')
175.576  000.201  000.201: require('telescope.actions.state')
175.813  000.235  000.235: require('telescope.actions.utils')
176.421  000.281  000.281: require('telescope.actions.mt')
176.435  000.619  000.339: require('telescope.actions.set')
177.009  000.278  000.278: require('telescope.config.resolve')
177.011  000.575  000.297: require('telescope.pickers.entry_display')
177.234  000.220  000.220: require('telescope.from_entry')
177.472  012.959  002.395: require('telescope.actions')
178.356  014.799  001.074: require('plugin.telescope')
181.424  000.416  000.416: require('ibl.utils')
181.429  000.738  000.321: require('ibl.config')
182.008  000.276  000.276: require('ibl.indent')
182.013  000.582  000.306: require('ibl.hooks')
182.015  001.559  000.239: require('ibl.highlights')
182.260  000.244  000.244: require('ibl.autocmds')
182.486  000.224  000.224: require('ibl.inlay_hints')
182.768  000.279  000.279: require('ibl.virt_text')
183.576  000.490  000.490: require('ibl.scope_languages')
183.579  000.809  000.320: require('ibl.scope')
183.584  003.565  000.449: require('ibl')
183.815  003.935  000.370: require('plugin.indent-blankline')
185.962  000.243  000.243: require('lualine_require')
186.601  001.430  001.187: require('lualine')
194.296  009.367  007.937: require('plugin.lualine')
196.090  000.238  000.238: require('which-key')
196.353  000.260  000.260: require('telescope.themes')
198.877  000.201  000.201: require('plenary.tbl')
198.882  000.456  000.254: require('plenary.vararg.rotate')
198.883  000.720  000.264: require('plenary.vararg')
199.081  000.196  000.196: require('plenary.errors')
199.088  001.226  000.310: require('plenary.async.async')
200.107  000.257  000.257: require('plenary.async.structs')
200.116  000.568  000.312: require('plenary.async.control')
200.127  000.845  000.277: require('plenary.async.util')
200.131  001.041  000.196: require('plenary.async.tests')
200.133  002.481  000.214: require('plenary.async')
200.448  000.313  000.313: require('telescope.debounce')
200.882  000.431  000.431: require('telescope.mappings')
201.175  000.290  000.290: require('telescope.pickers.highlights')
201.414  000.237  000.237: require('telescope.pickers.window')
201.654  000.237  000.237: require('telescope.pickers.layout')
202.237  000.284  000.284: require('telescope.algos.linked_list')
202.242  000.586  000.302: require('telescope.entry_manager')
202.468  000.224  000.224: require('telescope.pickers.multi')
202.489  006.093  001.294: require('telescope.pickers')
203.913  001.111  001.111: require('telescope.make_entry')
204.149  000.233  000.233: require('telescope.finders.async_static_finder')
205.002  000.218  000.218: require('plenary.class')
205.017  000.627  000.410: require('telescope._')
205.020  000.869  000.241: require('telescope.finders.async_oneshot_finder')
205.250  000.229  000.229: require('telescope.finders.async_job_finder')
205.255  002.764  000.322: require('telescope.finders')
205.655  000.397  000.397: require('which-key.config')
205.808  010.346  000.593: require('plugin.which-key')
207.646  000.036  000.036: sourcing /Users/iMac/.local/share/nvim/site/pack/luarocks/opt/rocks-treesitter.nvim/plugin/rocks-treesitter.lua
208.692  000.284  000.284: sourcing /Users/iMac/.local/share/nvim/site/pack/luarocks/opt/telescope.nvim/plugin/telescope.lua
211.585  000.395  000.395: sourcing /Users/iMac/.local/share/nvim/site/pack/luarocks/opt/nvim-lspconfig/plugin/lspconfig.lua
214.272  000.051  000.051: sourcing /Users/iMac/.local/share/nvim/site/pack/luarocks/opt/neo-tree.nvim/plugin/neo-tree.vim
215.131  000.049  000.049: sourcing /Users/iMac/.local/share/nvim/site/pack/luarocks/opt/which-key.nvim/plugin/which-key.lua
215.837  157.173  036.293: sourcing /Users/iMac/.local/share/nvim/rocks/lib/luarocks/rocks-5.1/rocks.nvim/2.36.1-1/plugin/rocks.lua
216.215  000.311  000.311: sourcing /Users/iMac/.local/share/nvim/rocks/lib/luarocks/rocks-5.1/telescope.nvim/scm-1/plugin/telescope.lua
216.319  000.030  000.030: sourcing /Users/iMac/.local/share/nvim/rocks/lib/luarocks/rocks-5.1/which-key.nvim/3.13.2-1/plugin/which-key.lua
216.324  010.900: loading rtp plugins
216.542  000.218: loading packages
218.676  000.125  000.125: sourcing /Users/iMac/.local/share/nvim/site/pack/luarocks/opt/indent-blankline.nvim/after/plugin/commands.lua
218.681  002.014: loading after plugins
218.687  000.006: inits 3
226.529  007.843: reading ShaDa
226.803  000.274: opening buffers
226.965  000.162: BufEnter autocommands
226.968  000.002: editing files in windows
227.175  000.207: VimEnter autocommands
227.177  000.002: UIEnter autocommands
227.599  000.160  000.160: sourcing /usr/local/Cellar/neovim/0.10.0/share/nvim/runtime/autoload/provider/clipboard.vim
227.609  000.272: before starting main loop
228.011  000.402: first screen update
228.012  000.002: --- NVIM STARTED ---

--- Startup times for process: Primary/TUI ---

times in msec
 clock   self+sourced   self:  sourced script
 clock   elapsed:              other lines

000.001  000.001: --- NVIM STARTING ---
000.164  000.163: event init
000.423  000.259: early init
001.049  000.626: locale set
001.109  000.061: init first window
035.978  034.869: inits 1
036.002  000.023: window checked
036.010  000.009: parsing arguments
036.798  000.065  000.065: require('vim.shared')
036.935  000.067  000.067: require('vim.inspect')
037.005  000.055  000.055: require('vim._options')
037.008  000.203  000.082: require('vim._editor')
037.010  000.366  000.097: require('vim._init_packages')
037.014  000.638: init lua interpreter
038.580  001.566: --- NVIM STARTED ---

--- Startup times for process: Embedded ---

times in msec
 clock   self+sourced   self:  sourced script
 clock   elapsed:              other lines

000.001  000.001: --- NVIM STARTING ---
000.120  000.120: event init
000.313  000.192: early init
000.984  000.671: locale set
001.041  000.057: init first window
001.575  000.534: inits 1
001.613  000.038: window checked
001.620  000.007: parsing arguments
002.365  000.059  000.059: require('vim.shared')
002.479  000.052  000.052: require('vim.inspect')
002.548  000.055  000.055: require('vim._options')
002.550  000.180  000.073: require('vim._editor')
002.552  000.337  000.097: require('vim._init_packages')
002.554  000.598: init lua interpreter
006.029  003.475: expanding arguments
006.057  000.028: inits 2
006.413  000.356: init highlight
006.417  000.004: waiting for UI
006.781  000.365: done waiting for UI
006.796  000.015: clear screen
006.906  000.009  000.009: require('vim.keymap')
007.740  000.938  000.929: require('vim._defaults')
007.744  000.010: init default mappings & autocommands
008.713  000.082  000.082: sourcing /usr/local/Cellar/neovim/0.10.0/share/nvim/runtime/ftplugin.vim
008.881  000.039  000.039: sourcing /usr/local/Cellar/neovim/0.10.0/share/nvim/runtime/indent.vim
010.811  001.653  001.653: sourcing /Users/iMac/.config/nvim/init.lua
010.838  001.320: sourcing vimrc file(s)
014.537  000.614  000.614: sourcing /usr/local/Cellar/neovim/0.10.0/share/nvim/runtime/filetype.lua
015.715  000.235  000.235: sourcing /usr/local/Cellar/neovim/0.10.0/share/nvim/runtime/syntax/synload.vim
015.923  000.706  000.470: sourcing /usr/local/Cellar/neovim/0.10.0/share/nvim/runtime/syntax/syntax.vim
017.714  000.215  000.215: sourcing /usr/local/Cellar/neovim/0.10.0/share/nvim/runtime/plugin/gzip.vim
019.186  000.277  000.277: sourcing /usr/local/Cellar/neovim/0.10.0/share/nvim/runtime/pack/dist/opt/matchit/plugin/matchit.vim
019.289  001.473  001.196: sourcing /usr/local/Cellar/neovim/0.10.0/share/nvim/runtime/plugin/matchit.vim
019.581  000.184  000.184: sourcing /usr/local/Cellar/neovim/0.10.0/share/nvim/runtime/plugin/matchparen.vim
020.028  000.342  000.342: sourcing /usr/local/Cellar/neovim/0.10.0/share/nvim/runtime/plugin/netrwPlugin.vim
020.467  000.015  000.015: sourcing /Users/iMac/.local/share/nvim/rplugin.vim
020.478  000.315  000.300: sourcing /usr/local/Cellar/neovim/0.10.0/share/nvim/runtime/plugin/rplugin.vim
020.672  000.085  000.085: sourcing /usr/local/Cellar/neovim/0.10.0/share/nvim/runtime/plugin/shada.vim
020.843  000.055  000.055: sourcing /usr/local/Cellar/neovim/0.10.0/share/nvim/runtime/plugin/spellfile.vim
021.078  000.116  000.116: sourcing /usr/local/Cellar/neovim/0.10.0/share/nvim/runtime/plugin/tarPlugin.vim
021.233  000.039  000.039: sourcing /usr/local/Cellar/neovim/0.10.0/share/nvim/runtime/plugin/tutor.vim
021.503  000.162  000.162: sourcing /usr/local/Cellar/neovim/0.10.0/share/nvim/runtime/plugin/zipPlugin.vim
021.728  000.101  000.101: sourcing /usr/local/Cellar/neovim/0.10.0/share/nvim/runtime/plugin/editorconfig.lua
021.958  000.107  000.107: sourcing /usr/local/Cellar/neovim/0.10.0/share/nvim/runtime/plugin/man.lua
022.203  000.099  000.099: sourcing /usr/local/Cellar/neovim/0.10.0/share/nvim/runtime/plugin/osc52.lua
022.398  000.060  000.060: sourcing /usr/local/Cellar/neovim/0.10.0/share/nvim/runtime/plugin/tohtml.lua
025.933  000.063  000.063: sourcing /Users/iMac/.local/share/nvim/rocks/lib/luarocks/rocks-5.1/neo-tree.nvim/3.26-1/plugin/neo-tree.vim
026.082  000.033  000.033: sourcing /Users/iMac/.local/share/nvim/rocks/lib/luarocks/rocks-5.1/nvim-web-devicons/0.100-1/plugin/nvim-web-devicons.vim
026.223  000.037  000.037: sourcing /Users/iMac/.local/share/nvim/rocks/lib/luarocks/rocks-5.1/plenary.nvim/scm-1/plugin/plenary.vim
029.920  000.048  000.048: require('vim.fs')
029.963  000.354  000.306: require('vim.lsp.log')
031.137  001.170  001.170: require('vim.lsp.protocol')
033.437  000.392  000.392: require('vim.lsp._snippet_grammar')
033.678  000.236  000.236: require('vim.highlight')
033.687  000.005  000.005: require('vim.F')
033.701  002.559  001.925: require('vim.lsp.util')
034.384  000.330  000.330: require('vim.lsp.sync')
034.391  000.686  000.357: require('vim.lsp._changetracking')
035.054  000.660  000.660: require('vim.lsp.rpc')
035.223  008.684  003.255: require('vim.lsp')
035.274  008.947  000.263: sourcing /Users/iMac/.local/share/nvim/rocks/lib/luarocks/rocks-5.1/nvim-lspconfig/0.1.8-1/plugin/lspconfig.lua
035.973  000.213  000.213: require('rocks_treesitter.ft_parser_map')
037.003  000.235  000.235: require('rocks.constants')
037.943  000.349  000.349: require('rocks.log')
038.626  000.361  000.361: require('nio.tasks')
038.961  000.332  000.332: require('nio.control')
039.936  000.971  000.971: require('nio.uv')
040.202  000.261  000.261: require('nio.tests')
040.623  000.227  000.227: require('vim.ui')
040.635  000.431  000.203: require('nio.ui')
041.147  000.298  000.298: require('nio.streams')
041.151  000.513  000.216: require('nio.file')
041.893  000.179  000.179: require('nio.util')
041.993  000.559  000.379: require('nio.logger')
042.062  000.909  000.351: require('nio.lsp')
042.394  000.329  000.329: require('nio.process')
042.490  004.543  000.435: require('nio')
042.504  005.168  000.276: require('rocks.fs')
043.028  000.291  000.291: require('rocks.config.check')
043.199  006.192  000.734: require('rocks.config.internal')
043.254  006.772  000.345: require('rocks.luarocks')
043.618  000.362  000.362: require('rocks.state')
043.777  007.541  000.406: require('rocks.cache')
045.103  000.581  000.581: require('fzy_native')
045.107  000.755  000.174: require('fzy')
045.109  000.945  000.191: require('rocks.fzy')
045.115  001.335  000.389: require('rocks.commands')
045.573  000.251  000.251: require('rocks.operations.handlers')
046.535  000.223  000.223: require('rocks.runtime')
046.588  000.676  000.453: require('rocks.operations.helpers')
047.531  000.237  000.237: require('fidget.spinner.patterns')
047.535  000.418  000.181: require('fidget.spinner')
047.769  000.231  000.231: require('fidget.options')
047.778  000.899  000.250: require('fidget.progress.display')
049.429  001.295  001.295: require('fidget.logger')
051.142  001.682  001.682: require('vim.lsp.handlers')
051.168  003.388  000.411: require('fidget.progress.lsp')
053.858  000.419  000.419: require('fidget.poll')
053.866  001.263  000.844: require('fidget.notification.model')
054.314  000.445  000.445: require('fidget.notification.window')
054.705  000.387  000.387: require('fidget.notification.view')
054.726  002.837  000.742: require('fidget.notification')
054.733  003.561  000.724: require('fidget.progress.handle')
054.805  008.214  000.366: require('fidget.progress')
055.434  000.626  000.626: require('rocks.adapter')
055.440  009.864  000.348: require('rocks.operations.update')
058.882  003.438  003.438: require('rocks.operations.sync')
059.511  000.207  000.207: require('rocks.operations.parser')
059.516  000.629  000.422: require('rocks.operations.add')
059.747  000.229  000.229: require('rocks.operations.prune')
059.939  000.189  000.189: require('rocks.operations.pin')
060.132  000.191  000.191: require('rocks.operations.unpin')
060.136  015.018  000.228: require('rocks.operations')
060.140  024.164  000.270: require('rocks.api')
061.315  001.075  001.075: require('toml_edit')
062.282  000.651  000.651: require('vim.iter')
062.344  026.899  000.796: require('rocks_treesitter.config')
062.351  026.947  000.048: sourcing /Users/iMac/.local/share/nvim/rocks/lib/luarocks/rocks-5.1/rocks-treesitter.nvim/1.0.3-1/plugin/rocks-treesitter.lua
063.254  000.229  000.229: require('rocks.loader')
065.431  000.365  000.365: require('luarocks.core.dir')
065.875  000.435  000.435: require('luarocks.core.util')
066.115  000.236  000.236: require('luarocks.core.persist')
066.819  000.700  000.700: require('luarocks.core.sysdetect')
067.615  000.785  000.785: require('luarocks.core.vers')
067.699  003.662  001.141: require('luarocks.core.cfg')
107.474  000.303  000.303: require('luarocks.core.path')
107.699  000.221  000.221: require('luarocks.core.manif')
107.751  044.133  039.947: require('luarocks.loader')
113.199  000.252  000.252: require('vim.treesitter.language')
113.366  000.163  000.163: require('vim.func')
113.619  000.249  000.249: require('vim.func._memoize')
113.711  001.668  001.004: require('vim.treesitter.query')
114.040  000.326  000.326: require('vim.treesitter._range')
114.063  002.952  000.958: require('vim.treesitter.languagetree')
114.069  006.190  003.239: require('vim.treesitter')
114.470  000.383  000.383: require('vim._system')
115.590  000.432  000.432: require('rocks.api.hooks')
117.732  000.496  000.496: require('rocks-config.constants')
117.737  001.078  000.583: require('rocks-config.internal')
119.060  000.386  000.386: require('mason-core.path')
120.039  000.482  000.482: require('mason-core.functional')
120.740  000.292  000.292: require('mason-core.functional.data')
120.747  000.684  000.392: require('mason-core.functional.function')
121.070  000.309  000.309: require('mason-core.functional.relation')
121.410  000.334  000.334: require('mason-core.functional.logic')
121.434  002.370  000.561: require('mason-core.platform')
121.765  000.329  000.329: require('mason.settings')
121.771  003.545  000.460: require('mason')
122.753  000.460  000.460: require('mason-core.functional.list')
123.127  000.369  000.369: require('mason-core.functional.string')
123.153  001.368  000.539: require('mason.api.command')
123.542  000.383  000.383: require('mason-registry.sources')
124.422  000.436  000.436: require('mason-core.log')
124.701  000.276  000.276: require('mason-lspconfig.settings')
124.705  001.142  000.430: require('mason-lspconfig')
126.015  000.612  000.612: require('lspconfig.util')
126.329  000.310  000.310: require('lspconfig.async')
126.333  001.370  000.447: require('lspconfig.configs')
126.336  001.629  000.260: require('lspconfig')
126.915  000.240  000.240: require('mason-lspconfig.notify')
126.921  000.583  000.342: require('mason-lspconfig.lspconfig_hook')
128.038  000.417  000.417: require('mason-core.functional.table')
128.079  001.156  000.739: require('mason-lspconfig.mappings.server')
128.816  000.311  000.311: require('mason-core.EventEmitter')
129.124  000.304  000.304: require('mason-core.optional')
129.834  000.381  000.381: require('mason-core.async')
130.083  000.245  000.245: require('mason-core.async.uv')
130.092  000.965  000.338: require('mason-core.fs')
130.113  002.031  000.451: require('mason-registry')
130.390  000.275  000.275: require('mason-lspconfig.server_config_extensions')
130.748  000.355  000.355: require('lspconfig.server_configurations.omnisharp')
131.833  000.319  000.319: require('mason-core.functional.number')
131.856  000.759  000.441: require('mason-lspconfig.api.command')
132.734  000.380  000.380: require('lspconfig.server_configurations.als')
133.732  000.503  000.503: require('lspconfig.manager')
134.070  000.297  000.297: require('lspconfig.server_configurations.vacuum')
135.000  000.292  000.292: require('lspconfig.server_configurations.lemminx')
135.698  000.323  000.323: require('lspconfig.server_configurations.ocamllsp')
136.482  000.325  000.325: require('lspconfig.server_configurations.lua_ls')
137.342  000.391  000.391: require('lspconfig.server_configurations.perlnavigator')
137.807  000.328  000.328: require('mason-lspconfig.server_configurations.perlnavigator')
138.177  000.309  000.309: require('lspconfig.server_configurations.elixirls')
138.535  000.330  000.330: require('mason-lspconfig.server_configurations.elixirls')
138.875  000.320  000.320: require('lspconfig.server_configurations.yamlls')
139.594  000.323  000.323: require('lspconfig.server_configurations.sqlls')
140.281  000.310  000.310: require('lspconfig.server_configurations.zls')
141.007  000.308  000.308: require('lspconfig.server_configurations.biome')
141.828  000.426  000.426: require('lspconfig.server_configurations.eslint')
142.654  000.324  000.324: require('lspconfig.server_configurations.pylsp')
143.068  000.349  000.349: require('mason-lspconfig.server_configurations.pylsp')
143.428  000.329  000.329: require('lspconfig.server_configurations.clangd')
144.175  000.344  000.344: require('lspconfig.server_configurations.tailwindcss')
144.859  000.276  000.276: require('lspconfig.server_configurations.taplo')
145.608  000.389  000.389: require('lspconfig.server_configurations.clojure_lsp')
146.250  000.291  000.291: require('lspconfig.server_configurations.cmake')
146.873  000.320  000.320: require('lspconfig.server_configurations.hls')
147.556  000.318  000.318: require('lspconfig.server_configurations.powershell_es')
147.864  000.289  000.289: require('mason-lspconfig.server_configurations.powershell_es')
148.144  000.260  000.260: require('lspconfig.server_configurations.marksman')
148.885  000.435  000.435: require('lspconfig.server_configurations.rust_analyzer')
150.121  000.271  000.271: require('lspconfig.server_configurations.gopls')
150.918  000.466  000.466: require('lspconfig.server_configurations.tsserver')
151.657  000.337  000.337: require('lspconfig.server_configurations.graphql')
152.247  000.257  000.257: require('lspconfig.server_configurations.bashls')
152.959  000.341  000.341: require('lspconfig.server_configurations.jsonls')
153.935  000.262  000.262: require('lspconfig.server_configurations.sourcekit')
156.687  000.271  000.271: require('lualine_require')
157.346  001.579  001.308: require('lualine')
165.848  010.309  008.730: require('plugin.lualine')
167.845  000.235  000.235: require('telescope._extensions')
167.848  000.502  000.266: require('telescope')
170.622  000.337  000.337: require('plenary.bit')
170.860  000.235  000.235: require('plenary.functional')
170.913  000.040  000.040: require('ffi')
170.945  001.376  000.763: require('plenary.path')
170.959  001.734  000.359: require('plenary.strings')
171.161  000.200  000.200: require('telescope.deprecated')
172.195  000.380  000.380: require('plenary.log')
172.213  000.591  000.211: require('telescope.log')
173.497  000.208  000.208: require('plenary.compat')
173.505  000.700  000.492: require('plenary.job')
173.713  000.206  000.206: require('telescope.state')
173.738  001.523  000.618: require('telescope.utils')
173.744  002.580  000.466: require('telescope.sorters')
175.118  006.329  001.814: require('telescope.config')
175.997  000.448  000.448: require('plenary.window.border')
176.203  000.204  000.204: require('plenary.window')
176.406  000.200  000.200: require('plenary.popup.utils')
176.410  001.287  000.435: require('plenary.popup')
176.667  000.255  000.255: require('telescope.pickers.scroller')
176.892  000.223  000.223: require('telescope.actions.state')
177.152  000.257  000.257: require('telescope.actions.utils')
177.796  000.298  000.298: require('telescope.actions.mt')
177.810  000.655  000.357: require('telescope.actions.set')
178.440  000.301  000.301: require('telescope.config.resolve')
178.443  000.632  000.331: require('telescope.pickers.entry_display')
178.657  000.212  000.212: require('telescope.from_entry')
178.983  011.133  001.283: require('telescope.actions')
180.156  012.931  001.296: require('plugin.telescope')
181.345  000.257  000.257: require('which-key')
181.588  000.240  000.240: require('telescope.themes')
183.996  000.198  000.198: require('plenary.tbl')
184.000  000.440  000.242: require('plenary.vararg.rotate')
184.002  000.650  000.210: require('plenary.vararg')
184.278  000.275  000.275: require('plenary.errors')
184.283  001.281  000.356: require('plenary.async.async')
185.287  000.234  000.234: require('plenary.async.structs')
185.294  000.523  000.289: require('plenary.async.control')
185.298  000.778  000.255: require('plenary.async.util')
185.300  001.015  000.237: require('plenary.async.tests')
185.302  002.607  000.311: require('plenary.async')
185.644  000.339  000.339: require('telescope.debounce')
186.038  000.390  000.390: require('telescope.mappings')
186.327  000.286  000.286: require('telescope.pickers.highlights')
186.552  000.222  000.222: require('telescope.pickers.window')
186.819  000.265  000.265: require('telescope.pickers.layout')
187.382  000.286  000.286: require('telescope.algos.linked_list')
187.386  000.564  000.278: require('telescope.entry_manager')
187.649  000.233  000.233: require('telescope.pickers.multi')
187.669  006.049  001.142: require('telescope.pickers')
188.997  001.037  001.037: require('telescope.make_entry')
189.287  000.287  000.287: require('telescope.finders.async_static_finder')
190.131  000.235  000.235: require('plenary.class')
190.145  000.585  000.351: require('telescope._')
190.147  000.857  000.272: require('telescope.finders.async_oneshot_finder')
190.405  000.257  000.257: require('telescope.finders.async_job_finder')
190.410  002.739  000.301: require('telescope.finders')
190.945  000.532  000.532: require('which-key.config')
191.045  010.300  000.483: require('plugin.which-key')
194.429  000.532  000.532: require('ibl.utils')
194.437  000.972  000.440: require('ibl.config')
195.187  000.264  000.264: require('ibl.indent')
195.192  000.754  000.490: require('ibl.hooks')
195.195  002.171  000.446: require('ibl.highlights')
195.435  000.238  000.238: require('ibl.autocmds')
195.707  000.270  000.270: require('ibl.inlay_hints')
195.993  000.283  000.283: require('ibl.virt_text')
196.913  000.673  000.673: require('ibl.scope_languages')
196.917  000.922  000.249: require('ibl.scope')
196.924  004.588  000.704: require('ibl')
197.256  005.083  000.496: require('plugin.indent-blankline')
200.188  000.534  000.534: require('fidget.commands')
200.731  000.272  000.272: require('fidget.integration.nvim-tree')
201.033  000.300  000.300: require('fidget.integration.xcodebuild-nvim')
201.077  000.886  000.314: require('fidget.integration')
201.086  001.672  000.251: require('fidget')
201.692  002.429  000.757: require('plugin.fidget')
203.418  000.186  000.186: sourcing /Users/iMac/.local/share/nvim/site/pack/luarocks/opt/nvim-lspconfig/plugin/lspconfig.lua
204.202  000.040  000.040: sourcing /Users/iMac/.local/share/nvim/site/pack/luarocks/opt/rocks-treesitter.nvim/plugin/rocks-treesitter.lua
206.611  000.043  000.043: sourcing /Users/iMac/.local/share/nvim/site/pack/luarocks/opt/neo-tree.nvim/plugin/neo-tree.vim
207.818  000.320  000.320: sourcing /Users/iMac/.local/share/nvim/site/pack/luarocks/opt/telescope.nvim/plugin/telescope.lua
208.623  000.040  000.040: sourcing /Users/iMac/.local/share/nvim/site/pack/luarocks/opt/which-key.nvim/plugin/which-key.lua
212.040  149.556  031.180: sourcing /Users/iMac/.local/share/nvim/rocks/lib/luarocks/rocks-5.1/rocks.nvim/2.36.1-1/plugin/rocks.lua
212.280  000.171  000.171: sourcing /Users/iMac/.local/share/nvim/rocks/lib/luarocks/rocks-5.1/telescope.nvim/scm-1/plugin/telescope.lua
212.383  000.031  000.031: sourcing /Users/iMac/.local/share/nvim/rocks/lib/luarocks/rocks-5.1/which-key.nvim/3.13.2-1/plugin/which-key.lua
212.387  011.092: loading rtp plugins
212.593  000.206: loading packages
214.658  000.086  000.086: sourcing /Users/iMac/.local/share/nvim/site/pack/luarocks/opt/indent-blankline.nvim/after/plugin/commands.lua
214.663  001.985: loading after plugins
214.669  000.006: inits 3
222.500  007.831: reading ShaDa
222.730  000.230: opening buffers
222.966  000.236: BufEnter autocommands
222.969  000.003: editing files in windows
223.144  000.175: VimEnter autocommands
223.147  000.003: UIEnter autocommands
223.607  000.158  000.158: sourcing /usr/local/Cellar/neovim/0.10.0/share/nvim/runtime/autoload/provider/clipboard.vim
223.616  000.310: before starting main loop
224.007  000.391: first screen update
224.008  000.002: --- NVIM STARTED ---

